  SDL_Tutorial.vcxproj -> D:\School\C++\AdvanceMyGameRicard-Jamie-George\Debug\SDL_Tutorial.exe
  The system cannot find the path specified.
  D:\School\C++\AdvanceMyGameRicard-Jamie-George\SDL_Tutorial\..\Assets\ARCADE.TTF
  D:\School\C++\AdvanceMyGameRicard-Jamie-George\SDL_Tutorial\..\Assets\Arcadia.ttf
  D:\School\C++\AdvanceMyGameRicard-Jamie-George\SDL_Tutorial\..\Assets\Asteroid.png
  D:\School\C++\AdvanceMyGameRicard-Jamie-George\SDL_Tutorial\..\Assets\Asteroids.png
  D:\School\C++\AdvanceMyGameRicard-Jamie-George\SDL_Tutorial\..\Assets\AsteroidsLogo.png
  D:\School\C++\AdvanceMyGameRicard-Jamie-George\SDL_Tutorial\..\Assets\AsteroidsSpriteSheet.png
  D:\School\C++\AdvanceMyGameRicard-Jamie-George\SDL_Tutorial\..\Assets\AtariClassic.ttf
  D:\School\C++\AdvanceMyGameRicard-Jamie-George\SDL_Tutorial\..\Assets\BoxCollider.png
  D:\School\C++\AdvanceMyGameRicard-Jamie-George\SDL_Tutorial\..\Assets\BroadPhaseCollider.png
  D:\School\C++\AdvanceMyGameRicard-Jamie-George\SDL_Tutorial\..\Assets\CircleCollider.png
  D:\School\C++\AdvanceMyGameRicard-Jamie-George\SDL_Tutorial\..\Assets\Cursor.png
  D:\School\C++\AdvanceMyGameRicard-Jamie-George\SDL_Tutorial\..\Assets\GalagaSpriteSheet.png
  D:\School\C++\AdvanceMyGameRicard-Jamie-George\SDL_Tutorial\..\Assets\GreatVibes-Regular.ttf
  D:\School\C++\AdvanceMyGameRicard-Jamie-George\SDL_Tutorial\..\Assets\HighScore1.png
  D:\School\C++\AdvanceMyGameRicard-Jamie-George\SDL_Tutorial\..\Assets\High_Score_logo.jpg
  D:\School\C++\AdvanceMyGameRicard-Jamie-George\SDL_Tutorial\..\Assets\MiniAsteroidRock1.png
  D:\School\C++\AdvanceMyGameRicard-Jamie-George\SDL_Tutorial\..\Assets\MiniAsteroidRock2.png
  D:\School\C++\AdvanceMyGameRicard-Jamie-George\SDL_Tutorial\..\Assets\MiniAsteroidRock3.png
  D:\School\C++\AdvanceMyGameRicard-Jamie-George\SDL_Tutorial\..\Assets\MiniAsteroidRock4.png
  D:\School\C++\AdvanceMyGameRicard-Jamie-George\SDL_Tutorial\..\Assets\Pacifico.ttf
  D:\School\C++\AdvanceMyGameRicard-Jamie-George\SDL_Tutorial\..\Assets\PlayerBullet.png
  D:\School\C++\AdvanceMyGameRicard-Jamie-George\SDL_Tutorial\..\Assets\PlayerExplosion.png
  D:\School\C++\AdvanceMyGameRicard-Jamie-George\SDL_Tutorial\..\Assets\Raleway-Black.ttf
  D:\School\C++\AdvanceMyGameRicard-Jamie-George\SDL_Tutorial\..\Assets\Raleway-BlackItalic.ttf
  D:\School\C++\AdvanceMyGameRicard-Jamie-George\SDL_Tutorial\..\Assets\Raleway-Bold.ttf
  D:\School\C++\AdvanceMyGameRicard-Jamie-George\SDL_Tutorial\..\Assets\Raleway-BoldItalic.ttf
  D:\School\C++\AdvanceMyGameRicard-Jamie-George\SDL_Tutorial\..\Assets\Raleway-ExtraBold.ttf
  D:\School\C++\AdvanceMyGameRicard-Jamie-George\SDL_Tutorial\..\Assets\Raleway-ExtraBoldItalic.ttf
  D:\School\C++\AdvanceMyGameRicard-Jamie-George\SDL_Tutorial\..\Assets\Raleway-ExtraLight.ttf
  D:\School\C++\AdvanceMyGameRicard-Jamie-George\SDL_Tutorial\..\Assets\Raleway-ExtraLightItalic.ttf
  D:\School\C++\AdvanceMyGameRicard-Jamie-George\SDL_Tutorial\..\Assets\Raleway-Italic.ttf
  D:\School\C++\AdvanceMyGameRicard-Jamie-George\SDL_Tutorial\..\Assets\Raleway-Light.ttf
  D:\School\C++\AdvanceMyGameRicard-Jamie-George\SDL_Tutorial\..\Assets\Raleway-LightItalic.ttf
  D:\School\C++\AdvanceMyGameRicard-Jamie-George\SDL_Tutorial\..\Assets\Raleway-Medium.ttf
  D:\School\C++\AdvanceMyGameRicard-Jamie-George\SDL_Tutorial\..\Assets\Raleway-MediumItalic.ttf
  D:\School\C++\AdvanceMyGameRicard-Jamie-George\SDL_Tutorial\..\Assets\Raleway-Regular.ttf
  D:\School\C++\AdvanceMyGameRicard-Jamie-George\SDL_Tutorial\..\Assets\Raleway-SemiBold.ttf
  D:\School\C++\AdvanceMyGameRicard-Jamie-George\SDL_Tutorial\..\Assets\Raleway-SemiBoldItalic.ttf
  D:\School\C++\AdvanceMyGameRicard-Jamie-George\SDL_Tutorial\..\Assets\Raleway-Thin.ttf
  D:\School\C++\AdvanceMyGameRicard-Jamie-George\SDL_Tutorial\..\Assets\Raleway-ThinItalic.ttf
  D:\School\C++\AdvanceMyGameRicard-Jamie-George\SDL_Tutorial\..\Assets\RedShip.png
  D:\School\C++\AdvanceMyGameRicard-Jamie-George\SDL_Tutorial\..\Assets\ShipThrusters.png
  D:\School\C++\AdvanceMyGameRicard-Jamie-George\SDL_Tutorial\..\Assets\SmallAsteroidRock1.png
  D:\School\C++\AdvanceMyGameRicard-Jamie-George\SDL_Tutorial\..\Assets\SmallAsteroidRock2.png
  D:\School\C++\AdvanceMyGameRicard-Jamie-George\SDL_Tutorial\..\Assets\SmallAsteroidRock3.png
  D:\School\C++\AdvanceMyGameRicard-Jamie-George\SDL_Tutorial\..\Assets\SmallAsteroidRock4.png
  D:\School\C++\AdvanceMyGameRicard-Jamie-George\SDL_Tutorial\..\Assets\Starzone.ttf
  D:\School\C++\AdvanceMyGameRicard-Jamie-George\SDL_Tutorial\..\Assets\UFOSprite1.png
  D:\School\C++\AdvanceMyGameRicard-Jamie-George\SDL_Tutorial\..\Assets\emulogic.ttf
  D:\School\C++\AdvanceMyGameRicard-Jamie-George\SDL_Tutorial\..\Assets\namco__.ttf
  D:\School\C++\AdvanceMyGameRicard-Jamie-George\SDL_Tutorial\..\Assets\no.png
  D:\School\C++\AdvanceMyGameRicard-Jamie-George\SDL_Tutorial\..\Assets\ostrich-regular.ttf
  D:\School\C++\AdvanceMyGameRicard-Jamie-George\SDL_Tutorial\..\Assets\yellowcursor.jpg
  D:\School\C++\AdvanceMyGameRicard-Jamie-George\SDL_Tutorial\..\Assets\MUS\GameStart.wav
  D:\School\C++\AdvanceMyGameRicard-Jamie-George\SDL_Tutorial\..\Assets\MUS\beat1.wav
  D:\School\C++\AdvanceMyGameRicard-Jamie-George\SDL_Tutorial\..\Assets\MUS\fire.wav
  D:\School\C++\AdvanceMyGameRicard-Jamie-George\SDL_Tutorial\..\Assets\SFX\Another1.mp4
  D:\School\C++\AdvanceMyGameRicard-Jamie-George\SDL_Tutorial\..\Assets\SFX\beat1.wav
  D:\School\C++\AdvanceMyGameRicard-Jamie-George\SDL_Tutorial\..\Assets\SFX\coin_credit.wav
  D:\School\C++\AdvanceMyGameRicard-Jamie-George\SDL_Tutorial\..\Assets\SFX\fire.wav
  D:\School\C++\AdvanceMyGameRicard-Jamie-George\SDL_Tutorial\..\Assets\Starzone Fonts\OpenType-PS\Starzone-SVG.otf
  D:\School\C++\AdvanceMyGameRicard-Jamie-George\SDL_Tutorial\..\Assets\Starzone Fonts\OpenType-PS\Starzone.otf
  D:\School\C++\AdvanceMyGameRicard-Jamie-George\SDL_Tutorial\..\Assets\Starzone Fonts\OpenType-TT\Starzone-SVG.ttf
  D:\School\C++\AdvanceMyGameRicard-Jamie-George\SDL_Tutorial\..\Assets\Starzone Fonts\OpenType-TT\Starzone.ttf
  D:\School\C++\AdvanceMyGameRicard-Jamie-George\SDL_Tutorial\..\Assets\Starzone Fonts\Web-PS\Starzone-SVG.otf
  D:\School\C++\AdvanceMyGameRicard-Jamie-George\SDL_Tutorial\..\Assets\Starzone Fonts\Web-PS\Starzone.otf
  D:\School\C++\AdvanceMyGameRicard-Jamie-George\SDL_Tutorial\..\Assets\Starzone Fonts\Web-TT\Starzone-SVG.ttf
  D:\School\C++\AdvanceMyGameRicard-Jamie-George\SDL_Tutorial\..\Assets\Starzone Fonts\Web-TT\Starzone.ttf
  68 File(s) copied
