d:\school\asteroids updated\asteroids\sdl_tutorial\debug\vc143.pdb
d:\school\asteroids updated\asteroids\sdl_tutorial\debug\vc143.idb
d:\school\asteroids updated\asteroids\sdl_tutorial\debug\timer.obj
d:\school\asteroids updated\asteroids\sdl_tutorial\debug\texture.obj
d:\school\asteroids updated\asteroids\sdl_tutorial\debug\startmenu.obj
d:\school\asteroids updated\asteroids\sdl_tutorial\debug\screenmanager.obj
d:\school\asteroids updated\asteroids\sdl_tutorial\debug\scoreboard.obj
d:\school\asteroids updated\asteroids\sdl_tutorial\debug\random.obj
d:\school\asteroids updated\asteroids\sdl_tutorial\debug\playscreen.obj
d:\school\asteroids updated\asteroids\sdl_tutorial\debug\playgamebar.obj
d:\school\asteroids updated\asteroids\sdl_tutorial\debug\main.obj
d:\school\asteroids updated\asteroids\sdl_tutorial\debug\inputmanager.obj
d:\school\asteroids updated\asteroids\sdl_tutorial\debug\highscorescreen.obj
d:\school\asteroids updated\asteroids\sdl_tutorial\debug\graphics.obj
d:\school\asteroids updated\asteroids\sdl_tutorial\debug\gamemanager.obj
d:\school\asteroids updated\asteroids\sdl_tutorial\debug\gameentity.obj
d:\school\asteroids updated\asteroids\sdl_tutorial\debug\audiomanager.obj
d:\school\asteroids updated\asteroids\sdl_tutorial\debug\asteroidrock.obj
d:\school\asteroids updated\asteroids\sdl_tutorial\debug\assetmanager.obj
d:\school\asteroids updated\asteroids\sdl_tutorial\debug\animatedtexture.obj
d:\school\asteroids updated\asteroids\sdl_tutorial\debug\smallasteroidrock.obj
d:\school\asteroids updated\asteroids\sdl_tutorial\debug\smallasteroidrockb.obj
d:\school\asteroids updated\asteroids\debug\sdl_tutorial.exe
d:\school\asteroids updated\asteroids\sdl_tutorial\debug\sdl_tutorial.ilk
d:\school\asteroids updated\asteroids\debug\sdl_tutorial.pdb
d:\school\asteroids updated\asteroids\sdl_tutorial\debug\sdl_tutorial.tlog\cl.command.1.tlog
d:\school\asteroids updated\asteroids\sdl_tutorial\debug\sdl_tutorial.tlog\cl.read.1.tlog
d:\school\asteroids updated\asteroids\sdl_tutorial\debug\sdl_tutorial.tlog\cl.write.1.tlog
d:\school\asteroids updated\asteroids\sdl_tutorial\debug\sdl_tutorial.tlog\link.command.1.tlog
d:\school\asteroids updated\asteroids\sdl_tutorial\debug\sdl_tutorial.tlog\link.read.1.tlog
d:\school\asteroids updated\asteroids\sdl_tutorial\debug\sdl_tutorial.tlog\link.write.1.tlog
