  AnimatedTextures.cpp
C:\Users\Jamie\source\repos\AdvanceMyGameRicard-Jamie-George\SDL_Tutorial\Graphics.h(3,10): fatal  error C1083: Cannot open include file: 'SDL.h': No such file or directory
  AssetManager.cpp
C:\Users\Jamie\source\repos\AdvanceMyGameRicard-Jamie-George\SDL_Tutorial\Graphics.h(3,10): fatal  error C1083: Cannot open include file: 'SDL.h': No such file or directory
  AudioManager.cpp
C:\Users\Jamie\source\repos\AdvanceMyGameRicard-Jamie-George\SDL_Tutorial\Graphics.h(3,10): fatal  error C1083: Cannot open include file: 'SDL.h': No such file or directory
  GameEntity.cpp
  GameManager.cpp
C:\Users\Jamie\source\repos\AdvanceMyGameRicard-Jamie-George\SDL_Tutorial\Graphics.h(3,10): fatal  error C1083: Cannot open include file: 'SDL.h': No such file or directory
  Graphics.cpp
C:\Users\Jamie\source\repos\AdvanceMyGameRicard-Jamie-George\SDL_Tutorial\Graphics.h(3,10): fatal  error C1083: Cannot open include file: 'SDL.h': No such file or directory
  InputManager.cpp
C:\Users\Jamie\source\repos\AdvanceMyGameRicard-Jamie-George\SDL_Tutorial\InputManager.h(3,10): fatal  error C1083: Cannot open include file: 'SDL.h': No such file or directory
  Main.cpp
C:\Users\Jamie\source\repos\AdvanceMyGameRicard-Jamie-George\SDL_Tutorial\Graphics.h(3,10): fatal  error C1083: Cannot open include file: 'SDL.h': No such file or directory
  StartMenu.cpp
C:\Users\Jamie\source\repos\AdvanceMyGameRicard-Jamie-George\SDL_Tutorial\Graphics.h(3,10): fatal  error C1083: Cannot open include file: 'SDL.h': No such file or directory
  Texture.cpp
C:\Users\Jamie\source\repos\AdvanceMyGameRicard-Jamie-George\SDL_Tutorial\Graphics.h(3,10): fatal  error C1083: Cannot open include file: 'SDL.h': No such file or directory
  Timer.cpp
C:\Users\Jamie\source\repos\AdvanceMyGameRicard-Jamie-George\SDL_Tutorial\Timer.h(3,10): fatal  error C1083: Cannot open include file: 'SDL.h': No such file or directory
  Generating Code...
